<?xml version="1.0" encoding="UTF-8"?>
<!-- Generated by org.testng.reporters.JUnitReportReporter -->
<testsuite hostname="akki" name="secondTestPackage.SecondTestnG" tests="2" failures="0" timestamp="2 Mar 2018 13:49:54 GMT" time="0.049" errors="0">
  <testcase name="TestFireFox1" time="0.010" classname="secondTestPackage.SecondTestnG"/>
  <testcase name="TestFireFox" time="0.039" classname="secondTestPackage.SecondTestnG"/>
</testsuite> <!-- secondTestPackage.SecondTestnG -->
